Arguments: 
  C:\Program Files\nodejs\node.exe C:\Program Files (x86)\Yarn\bin\yarn.js add regenerator-runtime

PATH: 
  C:\Windows\system32;C:\Windows;C:\Windows\System32\Wbem;C:\Windows\System32\WindowsPowerShell\v1.0\;C:\Windows\System32\OpenSSH\;C:\Program Files (x86)\NVIDIA Corporation\PhysX\Common;C:\WINDOWS\system32;C:\WINDOWS;C:\WINDOWS\System32\Wbem;C:\WINDOWS\System32\WindowsPowerShell\v1.0\;C:\WINDOWS\System32\OpenSSH\;C:\Program Files\dotnet\;C:\Program Files\Microsoft SQL Server\130\Tools\Binn\;C:\Program Files\NVIDIA Corporation\NVIDIA NvDLISR;C:\WINDOWS\system32;C:\WINDOWS;C:\WINDOWS\System32\Wbem;C:\WINDOWS\System32\WindowsPowerShell\v1.0\;C:\WINDOWS\System32\OpenSSH\;C:\Program Files (x86)\Yarn\bin\;D:\Program Files\Git\cmd;C:\Program Files\nodejs\;D:\Program Files\Nintendo\Nintendo Dev Interface;C:\Users\Carnage\AppData\Local\Microsoft\WindowsApps;C:\Users\Carnage\.dotnet\tools;C:\Users\Carnage\AppData\Local\Microsoft\WindowsApps;D:\Program Files\Microsoft VS Code\bin;C:\Users\Carnage\AppData\Local\Yarn\bin;C:\Users\Carnage\AppData\Roaming\npm

Yarn version: 
  1.19.1

Node version: 
  12.18.1

Platform: 
  win32 x64

Trace: 
  Error: connect ENETUNREACH 104.16.19.35:443
      at TCPConnectWrap.afterConnect [as oncomplete] (net.js:1141:16)

npm manifest: 
  {
    "name": "example-project",
    "version": "1.0.0",
    "main": "index.js",
    "scripts": {
      "test": "jest",
      "start": "node src/server/index.js",
      "build-prod": "webpack --config webpack.prod.js",
      "build-dev": "webpack-dev-server  --config webpack.dev.js --open"
    },
    "keywords": [],
    "author": "",
    "license": "ISC",
    "description": "",
    "dependencies": {
      "@types/express": "^4.17.6",
      "body-parser": "^1.19.0",
      "cors": "^2.8.5",
      "cron": "^1.8.2",
      "dotenv": "^8.2.0",
      "express": "^4.17.1",
      "webpack": "^4.35.3",
      "webpack-cli": "^3.3.5"
    },
    "devDependencies": {
      "@babel/core": "^7.5.4",
      "@babel/preset-env": "^7.5.4",
      "babel-loader": "^8.0.6",
      "clean-webpack-plugin": "^3.0.0",
      "css-loader": "^4.2.1",
      "html-webpack-plugin": "^3.2.0",
      "jest": "^26.2.2",
      "mini-css-extract-plugin": "^0.9.0",
      "node-sass": "^4.14.1",
      "optimize-css-assets-webpack-plugin": "^5.0.3",
      "sass-loader": "^9.0.3",
      "style-loader": "^1.2.1",
      "terser-webpack-plugin": "^1.3.0",
      "webpack-dev-server": "^3.11.0"
    }
  }

yarn manifest: 
  No manifest

Lockfile: 
  No lockfile
